<?xml version="1.0" encoding="UTF-8"?>
<testng-results skipped="0" failed="0" total="1" passed="1">
  <reporter-output>
  </reporter-output>
  <suite name="Default suite" duration-ms="18387" started-at="2018-02-28T06:53:20Z" finished-at="2018-02-28T06:53:38Z">
    <groups>
    </groups>
    <test name="Default test" duration-ms="18387" started-at="2018-02-28T06:53:20Z" finished-at="2018-02-28T06:53:38Z">
      <class name="com.TechM.SeleniumMavenProjectV2.AppTest">
        <test-method status="PASS" signature="beforeClass()[pri:0, instance:com.TechM.SeleniumMavenProjectV2.AppTest@482f8f11]" name="beforeClass" is-config="true" duration-ms="7825" started-at="2018-02-28T12:23:20Z" finished-at="2018-02-28T12:23:28Z">
          <reporter-output>
          </reporter-output>
        </test-method> <!-- beforeClass -->
        <test-method status="PASS" signature="openMyFBPage()[pri:0, instance:com.TechM.SeleniumMavenProjectV2.AppTest@482f8f11]" name="openMyFBPage" duration-ms="9941" started-at="2018-02-28T12:23:28Z" finished-at="2018-02-28T12:23:38Z">
          <reporter-output>
          </reporter-output>
        </test-method> <!-- openMyFBPage -->
        <test-method status="PASS" signature="afterClass()[pri:0, instance:com.TechM.SeleniumMavenProjectV2.AppTest@482f8f11]" name="afterClass" is-config="true" duration-ms="584" started-at="2018-02-28T12:23:38Z" finished-at="2018-02-28T12:23:38Z">
          <reporter-output>
          </reporter-output>
        </test-method> <!-- afterClass -->
      </class> <!-- com.TechM.SeleniumMavenProjectV2.AppTest -->
    </test> <!-- Default test -->
  </suite> <!-- Default suite -->
</testng-results>
